# JRE version: Java(TM) SE Runtime Environment (8.0_181-b13) (build 1.8.0_181-b13)
# Java VM: Java HotSpot(TM) 64-Bit Server VM (25.181-b13 mixed mode windows-amd64 compressed oops)
Heap:
 PSYoungGen      total 452608K, used 16354K [0x00000000e0000000, 0x00000000ffd00000, 0x0000000100000000)
  eden space 427008K, 0% used [0x00000000e0000000,0x00000000e0000020,0x00000000fa100000)
  from space 25600K, 63% used [0x00000000fba00000,0x00000000fc9f8918,0x00000000fd300000)
  to   space 25600K, 0% used [0x00000000fa100000,0x00000000fa100000,0x00000000fba00000)
 ParOldGen       total 139264K, used 36865K [0x00000000a0000000, 0x00000000a8800000, 0x00000000e0000000)
  object space 139264K, 26% used [0x00000000a0000000,0x00000000a24006e0,0x00000000a8800000)
 Metaspace       used 76392K, capacity 79276K, committed 79488K, reserved 1118208K
  class space    used 10257K, capacity 10849K, committed 10880K, reserved 1048576K
GC Heap History (10 events):
Event: 21.250 GC heap before
{Heap before GC invocations=11 (full 3):
 PSYoungGen      total 309760K, used 19951K [0x00000000e0000000, 0x00000000f4b00000, 0x0000000100000000)
  eden space 289792K, 0% used [0x00000000e0000000,0x00000000e0000000,0x00000000f1b00000)
  from space 19968K, 99% used [0x00000000f3780000,0x00000000f4afbd80,0x00000000f4b00000)
  to   space 24576K, 0% used [0x00000000f1b00000,0x00000000f1b00000,0x00000000f3300000)
 ParOldGen       total 93184K, used 27106K [0x00000000a0000000, 0x00000000a5b00000, 0x00000000e0000000)
  object space 93184K, 29% used [0x00000000a0000000,0x00000000a1a78940,0x00000000a5b00000)
 Metaspace       used 57380K, capacity 59016K, committed 59136K, reserved 1099776K
  class space    used 7951K, capacity 8365K, committed 8448K, reserved 1048576K
Event: 21.445 GC heap after
Heap after GC invocations=11 (full 3):
 PSYoungGen      total 309760K, used 0K [0x00000000e0000000, 0x00000000f4b00000, 0x0000000100000000)
  eden space 289792K, 0% used [0x00000000e0000000,0x00000000e0000000,0x00000000f1b00000)
  from space 19968K, 0% used [0x00000000f3780000,0x00000000f3780000,0x00000000f4b00000)
  to   space 24576K, 0% used [0x00000000f1b00000,0x00000000f1b00000,0x00000000f3300000)
 ParOldGen       total 139264K, used 36841K [0x00000000a0000000, 0x00000000a8800000, 0x00000000e0000000)
  object space 139264K, 26% used [0x00000000a0000000,0x00000000a23fa6e0,0x00000000a8800000)
 Metaspace       used 57380K, capacity 59016K, committed 59136K, reserved 1099776K
  class space    used 7951K, capacity 8365K, committed 8448K, reserved 1048576K
}
Event: 28.481 GC heap before
{Heap before GC invocations=12 (full 3):
 PSYoungGen      total 309760K, used 289792K [0x00000000e0000000, 0x00000000f4b00000, 0x0000000100000000)
  eden space 289792K, 100% used [0x00000000e0000000,0x00000000f1b00000,0x00000000f1b00000)
  from space 19968K, 0% used [0x00000000f3780000,0x00000000f3780000,0x00000000f4b00000)
  to   space 24576K, 0% used [0x00000000f1b00000,0x00000000f1b00000,0x00000000f3300000)
 ParOldGen       total 139264K, used 36841K [0x00000000a0000000, 0x00000000a8800000, 0x00000000e0000000)
  object space 139264K, 26% used [0x00000000a0000000,0x00000000a23fa6e0,0x00000000a8800000)
 Metaspace       used 63490K, capacity 65104K, committed 65408K, reserved 1105920K
  class space    used 8661K, capacity 9047K, committed 9088K, reserved 1048576K
Event: 28.507 GC heap after
Heap after GC invocations=12 (full 3):
 PSYoungGen      total 314368K, used 9634K [0x00000000e0000000, 0x00000000f8a80000, 0x0000000100000000)
  eden space 289792K, 0% used [0x00000000e0000000,0x00000000e0000000,0x00000000f1b00000)
  from space 24576K, 39% used [0x00000000f1b00000,0x00000000f2468bf0,0x00000000f3300000)
  to   space 23552K, 0% used [0x00000000f7380000,0x00000000f7380000,0x00000000f8a80000)
 ParOldGen       total 139264K, used 36849K [0x00000000a0000000, 0x00000000a8800000, 0x00000000e0000000)
  object space 139264K, 26% used [0x00000000a0000000,0x00000000a23fc6e0,0x00000000a8800000)
 Metaspace       used 63490K, capacity 65104K, committed 65408K, reserved 1105920K
  class space    used 8661K, capacity 9047K, committed 9088K, reserved 1048576K
}
Event: 31.458 GC heap before
{Heap before GC invocations=13 (full 3):
 PSYoungGen      total 314368K, used 298894K [0x00000000e0000000, 0x00000000f8a80000, 0x0000000100000000)
  eden space 289792K, 99% used [0x00000000e0000000,0x00000000f1a7aee8,0x00000000f1b00000)
  from space 24576K, 39% used [0x00000000f1b00000,0x00000000f2468bf0,0x00000000f3300000)
  to   space 23552K, 0% used [0x00000000f7380000,0x00000000f7380000,0x00000000f8a80000)
 ParOldGen       total 139264K, used 36849K [0x00000000a0000000, 0x00000000a8800000, 0x00000000e0000000)
  object space 139264K, 26% used [0x00000000a0000000,0x00000000a23fc6e0,0x00000000a8800000)
 Metaspace       used 64819K, capacity 66712K, committed 66944K, reserved 1107968K
  class space    used 8861K, capacity 9343K, committed 9344K, reserved 1048576K
Event: 31.474 GC heap after
Heap after GC invocations=13 (full 3):
 PSYoungGen      total 370176K, used 12737K [0x00000000e0000000, 0x00000000f8500000, 0x0000000100000000)
  eden space 352256K, 0% used [0x00000000e0000000,0x00000000e0000000,0x00000000f5800000)
  from space 17920K, 71% used [0x00000000f7380000,0x00000000f7ff0740,0x00000000f8500000)
  to   space 23040K, 0% used [0x00000000f5800000,0x00000000f5800000,0x00000000f6e80000)
 ParOldGen       total 139264K, used 36849K [0x00000000a0000000, 0x00000000a8800000, 0x00000000e0000000)
  object space 139264K, 26% used [0x00000000a0000000,0x00000000a23fc6e0,0x00000000a8800000)
 Metaspace       used 64819K, capacity 66712K, committed 66944K, reserved 1107968K
  class space    used 8861K, capacity 9343K, committed 9344K, reserved 1048576K
}
Event: 38.818 GC heap before
{Heap before GC invocations=14 (full 3):
 PSYoungGen      total 370176K, used 364993K [0x00000000e0000000, 0x00000000f8500000, 0x0000000100000000)
  eden space 352256K, 100% used [0x00000000e0000000,0x00000000f5800000,0x00000000f5800000)
  from space 17920K, 71% used [0x00000000f7380000,0x00000000f7ff0740,0x00000000f8500000)
  to   space 23040K, 0% used [0x00000000f5800000,0x00000000f5800000,0x00000000f6e80000)
 ParOldGen       total 139264K, used 36849K [0x00000000a0000000, 0x00000000a8800000, 0x00000000e0000000)
  object space 139264K, 26% used [0x00000000a0000000,0x00000000a23fc6e0,0x00000000a8800000)
 Metaspace       used 76089K, capacity 78880K, committed 78976K, reserved 1118208K
  class space    used 10244K, capacity 10845K, committed 10880K, reserved 1048576K
Event: 38.875 GC heap after
Heap after GC invocations=14 (full 3):
 PSYoungGen      total 375296K, used 22269K [0x00000000e0000000, 0x00000000fd300000, 0x0000000100000000)
  eden space 352256K, 0% used [0x00000000e0000000,0x00000000e0000000,0x00000000f5800000)
  from space 23040K, 96% used [0x00000000f5800000,0x00000000f6dbf608,0x00000000f6e80000)
  to   space 25600K, 0% used [0x00000000fba00000,0x00000000fba00000,0x00000000fd300000)
 ParOldGen       total 139264K, used 36865K [0x00000000a0000000, 0x00000000a8800000, 0x00000000e0000000)
  object space 139264K, 26% used [0x00000000a0000000,0x00000000a24006e0,0x00000000a8800000)
 Metaspace       used 76089K, capacity 78880K, committed 78976K, reserved 1118208K
  class space    used 10244K, capacity 10845K, committed 10880K, reserved 1048576K
}
Event: 40.537 GC heap before
{Heap before GC invocations=15 (full 3):
 PSYoungGen      total 375296K, used 374525K [0x00000000e0000000, 0x00000000fd300000, 0x0000000100000000)
  eden space 352256K, 100% used [0x00000000e0000000,0x00000000f5800000,0x00000000f5800000)
  from space 23040K, 96% used [0x00000000f5800000,0x00000000f6dbf608,0x00000000f6e80000)
  to   space 25600K, 0% used [0x00000000fba00000,0x00000000fba00000,0x00000000fd300000)
 ParOldGen       total 139264K, used 36865K [0x00000000a0000000, 0x00000000a8800000, 0x00000000e0000000)
  object space 139264K, 26% used [0x00000000a0000000,0x00000000a24006e0,0x00000000a8800000)
 Metaspace       used 76392K, capacity 79276K, committed 79488K, reserved 1118208K
  class space    used 10257K, capacity 10849K, committed 10880K, reserved 1048576K
Event: 40.626 GC heap after
Heap after GC invocations=15 (full 3):
 PSYoungGen      total 452608K, used 16354K [0x00000000e0000000, 0x00000000ffd00000, 0x0000000100000000)
  eden space 427008K, 0% used [0x00000000e0000000,0x00000000e0000000,0x00000000fa100000)
  from space 25600K, 63% used [0x00000000fba00000,0x00000000fc9f8918,0x00000000fd300000)
  to   space 25600K, 0% used [0x00000000fa100000,0x00000000fa100000,0x00000000fba00000)
 ParOldGen       total 139264K, used 36865K [0x00000000a0000000, 0x00000000a8800000, 0x00000000e0000000)
  object space 139264K, 26% used [0x00000000a0000000,0x00000000a24006e0,0x00000000a8800000)
 Metaspace       used 76392K, capacity 79276K, committed 79488K, reserved 1118208K
  class space    used 10257K, capacity 10849K, committed 10880K, reserved 1048576K
}

