# JRE version: Java(TM) SE Runtime Environment (8.0_181-b13) (build 1.8.0_181-b13)
# Java VM: Java HotSpot(TM) 64-Bit Server VM (25.181-b13 mixed mode windows-amd64 compressed oops)
Heap:
 PSYoungGen      total 138240K, used 1896K [0x00000000e0000000, 0x00000000e8c00000, 0x0000000100000000)
  eden space 133120K, 1% used [0x00000000e0000000,0x00000000e01da078,0x00000000e8200000)
  from space 5120K, 0% used [0x00000000e8700000,0x00000000e8700000,0x00000000e8c00000)
  to   space 5120K, 0% used [0x00000000e8200000,0x00000000e8200000,0x00000000e8700000)
 ParOldGen       total 58880K, used 11371K [0x00000000a0000000, 0x00000000a3980000, 0x00000000e0000000)
  object space 58880K, 19% used [0x00000000a0000000,0x00000000a0b1ace8,0x00000000a3980000)
 Metaspace       used 36600K, capacity 37004K, committed 37376K, reserved 1085440K
  class space    used 5131K, capacity 5316K, committed 5376K, reserved 1048576K
GC Heap History (10 events):
Event: 33.782 GC heap before
{Heap before GC invocations=20 (full 8):
 PSYoungGen      total 138240K, used 0K [0x00000000e0000000, 0x00000000e8c00000, 0x0000000100000000)
  eden space 133120K, 0% used [0x00000000e0000000,0x00000000e0000000,0x00000000e8200000)
  from space 5120K, 0% used [0x00000000e8700000,0x00000000e8700000,0x00000000e8c00000)
  to   space 5120K, 0% used [0x00000000e8200000,0x00000000e8200000,0x00000000e8700000)
 ParOldGen       total 58880K, used 11376K [0x00000000a0000000, 0x00000000a3980000, 0x00000000e0000000)
  object space 58880K, 19% used [0x00000000a0000000,0x00000000a0b1c360,0x00000000a3980000)
 Metaspace       used 36569K, capacity 36956K, committed 37376K, reserved 1087488K
  class space    used 5127K, capacity 5308K, committed 5376K, reserved 1048576K
Event: 33.820 GC heap after
Heap after GC invocations=20 (full 8):
 PSYoungGen      total 138240K, used 0K [0x00000000e0000000, 0x00000000e8c00000, 0x0000000100000000)
  eden space 133120K, 0% used [0x00000000e0000000,0x00000000e0000000,0x00000000e8200000)
  from space 5120K, 0% used [0x00000000e8700000,0x00000000e8700000,0x00000000e8c00000)
  to   space 5120K, 0% used [0x00000000e8200000,0x00000000e8200000,0x00000000e8700000)
 ParOldGen       total 58880K, used 11375K [0x00000000a0000000, 0x00000000a3980000, 0x00000000e0000000)
  object space 58880K, 19% used [0x00000000a0000000,0x00000000a0b1bef8,0x00000000a3980000)
 Metaspace       used 36569K, capacity 36956K, committed 37376K, reserved 1083392K
  class space    used 5127K, capacity 5308K, committed 5376K, reserved 1048576K
}
Event: 33.820 GC heap before
{Heap before GC invocations=21 (full 8):
 PSYoungGen      total 138240K, used 0K [0x00000000e0000000, 0x00000000e8c00000, 0x0000000100000000)
  eden space 133120K, 0% used [0x00000000e0000000,0x00000000e0000000,0x00000000e8200000)
  from space 5120K, 0% used [0x00000000e8700000,0x00000000e8700000,0x00000000e8c00000)
  to   space 5120K, 0% used [0x00000000e8200000,0x00000000e8200000,0x00000000e8700000)
 ParOldGen       total 58880K, used 11375K [0x00000000a0000000, 0x00000000a3980000, 0x00000000e0000000)
  object space 58880K, 19% used [0x00000000a0000000,0x00000000a0b1bef8,0x00000000a3980000)
 Metaspace       used 36569K, capacity 36956K, committed 37376K, reserved 1089536K
  class space    used 5127K, capacity 5308K, committed 5376K, reserved 1048576K
Event: 33.821 GC heap after
Heap after GC invocations=21 (full 8):
 PSYoungGen      total 138240K, used 0K [0x00000000e0000000, 0x00000000e8c00000, 0x0000000100000000)
  eden space 133120K, 0% used [0x00000000e0000000,0x00000000e0000000,0x00000000e8200000)
  from space 5120K, 0% used [0x00000000e8200000,0x00000000e8200000,0x00000000e8700000)
  to   space 5120K, 0% used [0x00000000e8700000,0x00000000e8700000,0x00000000e8c00000)
 ParOldGen       total 58880K, used 11375K [0x00000000a0000000, 0x00000000a3980000, 0x00000000e0000000)
  object space 58880K, 19% used [0x00000000a0000000,0x00000000a0b1bef8,0x00000000a3980000)
 Metaspace       used 36569K, capacity 36956K, committed 37376K, reserved 1089536K
  class space    used 5127K, capacity 5308K, committed 5376K, reserved 1048576K
}
Event: 33.821 GC heap before
{Heap before GC invocations=22 (full 9):
 PSYoungGen      total 138240K, used 0K [0x00000000e0000000, 0x00000000e8c00000, 0x0000000100000000)
  eden space 133120K, 0% used [0x00000000e0000000,0x00000000e0000000,0x00000000e8200000)
  from space 5120K, 0% used [0x00000000e8200000,0x00000000e8200000,0x00000000e8700000)
  to   space 5120K, 0% used [0x00000000e8700000,0x00000000e8700000,0x00000000e8c00000)
 ParOldGen       total 58880K, used 11375K [0x00000000a0000000, 0x00000000a3980000, 0x00000000e0000000)
  object space 58880K, 19% used [0x00000000a0000000,0x00000000a0b1bef8,0x00000000a3980000)
 Metaspace       used 36569K, capacity 36956K, committed 37376K, reserved 1089536K
  class space    used 5127K, capacity 5308K, committed 5376K, reserved 1048576K
Event: 33.852 GC heap after
Heap after GC invocations=22 (full 9):
 PSYoungGen      total 138240K, used 0K [0x00000000e0000000, 0x00000000e8c00000, 0x0000000100000000)
  eden space 133120K, 0% used [0x00000000e0000000,0x00000000e0000000,0x00000000e8200000)
  from space 5120K, 0% used [0x00000000e8200000,0x00000000e8200000,0x00000000e8700000)
  to   space 5120K, 0% used [0x00000000e8700000,0x00000000e8700000,0x00000000e8c00000)
 ParOldGen       total 58880K, used 11371K [0x00000000a0000000, 0x00000000a3980000, 0x00000000e0000000)
  object space 58880K, 19% used [0x00000000a0000000,0x00000000a0b1ae38,0x00000000a3980000)
 Metaspace       used 36569K, capacity 36956K, committed 37376K, reserved 1083392K
  class space    used 5127K, capacity 5308K, committed 5376K, reserved 1048576K
}
Event: 33.852 GC heap before
{Heap before GC invocations=23 (full 9):
 PSYoungGen      total 138240K, used 0K [0x00000000e0000000, 0x00000000e8c00000, 0x0000000100000000)
  eden space 133120K, 0% used [0x00000000e0000000,0x00000000e0000000,0x00000000e8200000)
  from space 5120K, 0% used [0x00000000e8200000,0x00000000e8200000,0x00000000e8700000)
  to   space 5120K, 0% used [0x00000000e8700000,0x00000000e8700000,0x00000000e8c00000)
 ParOldGen       total 58880K, used 11371K [0x00000000a0000000, 0x00000000a3980000, 0x00000000e0000000)
  object space 58880K, 19% used [0x00000000a0000000,0x00000000a0b1ae38,0x00000000a3980000)
 Metaspace       used 36569K, capacity 36956K, committed 37376K, reserved 1087488K
  class space    used 5127K, capacity 5308K, committed 5376K, reserved 1048576K
Event: 33.853 GC heap after
Heap after GC invocations=23 (full 9):
 PSYoungGen      total 138240K, used 0K [0x00000000e0000000, 0x00000000e8c00000, 0x0000000100000000)
  eden space 133120K, 0% used [0x00000000e0000000,0x00000000e0000000,0x00000000e8200000)
  from space 5120K, 0% used [0x00000000e8700000,0x00000000e8700000,0x00000000e8c00000)
  to   space 5120K, 0% used [0x00000000e8200000,0x00000000e8200000,0x00000000e8700000)
 ParOldGen       total 58880K, used 11371K [0x00000000a0000000, 0x00000000a3980000, 0x00000000e0000000)
  object space 58880K, 19% used [0x00000000a0000000,0x00000000a0b1ae38,0x00000000a3980000)
 Metaspace       used 36569K, capacity 36956K, committed 37376K, reserved 1087488K
  class space    used 5127K, capacity 5308K, committed 5376K, reserved 1048576K
}
Event: 33.853 GC heap before
{Heap before GC invocations=24 (full 10):
 PSYoungGen      total 138240K, used 0K [0x00000000e0000000, 0x00000000e8c00000, 0x0000000100000000)
  eden space 133120K, 0% used [0x00000000e0000000,0x00000000e0000000,0x00000000e8200000)
  from space 5120K, 0% used [0x00000000e8700000,0x00000000e8700000,0x00000000e8c00000)
  to   space 5120K, 0% used [0x00000000e8200000,0x00000000e8200000,0x00000000e8700000)
 ParOldGen       total 58880K, used 11371K [0x00000000a0000000, 0x00000000a3980000, 0x00000000e0000000)
  object space 58880K, 19% used [0x00000000a0000000,0x00000000a0b1ae38,0x00000000a3980000)
 Metaspace       used 36569K, capacity 36956K, committed 37376K, reserved 1087488K
  class space    used 5127K, capacity 5308K, committed 5376K, reserved 1048576K
Event: 33.893 GC heap after
Heap after GC invocations=24 (full 10):
 PSYoungGen      total 138240K, used 0K [0x00000000e0000000, 0x00000000e8c00000, 0x0000000100000000)
  eden space 133120K, 0% used [0x00000000e0000000,0x00000000e0000000,0x00000000e8200000)
  from space 5120K, 0% used [0x00000000e8700000,0x00000000e8700000,0x00000000e8c00000)
  to   space 5120K, 0% used [0x00000000e8200000,0x00000000e8200000,0x00000000e8700000)
 ParOldGen       total 58880K, used 11371K [0x00000000a0000000, 0x00000000a3980000, 0x00000000e0000000)
  object space 58880K, 19% used [0x00000000a0000000,0x00000000a0b1ace8,0x00000000a3980000)
 Metaspace       used 36569K, capacity 36956K, committed 37376K, reserved 1083392K
  class space    used 5127K, capacity 5308K, committed 5376K, reserved 1048576K
}

