# JRE version: Java(TM) SE Runtime Environment (8.0_181-b13) (build 1.8.0_181-b13)
# Java VM: Java HotSpot(TM) 64-Bit Server VM (25.181-b13 mixed mode windows-amd64 compressed oops)
Heap:
 PSYoungGen      total 162304K, used 19742K [0x00000000e0000000, 0x00000000eaf00000, 0x0000000100000000)
  eden space 151040K, 5% used [0x00000000e0000000,0x00000000e084bf50,0x00000000e9380000)
  from space 11264K, 99% used [0x00000000ea000000,0x00000000eaafbc48,0x00000000eab00000)
  to   space 12800K, 0% used [0x00000000e9380000,0x00000000e9380000,0x00000000ea000000)
 ParOldGen       total 66560K, used 15636K [0x00000000a0000000, 0x00000000a4100000, 0x00000000e0000000)
  object space 66560K, 23% used [0x00000000a0000000,0x00000000a0f45368,0x00000000a4100000)
 Metaspace       used 41825K, capacity 42618K, committed 43008K, reserved 1085440K
  class space    used 5749K, capacity 6036K, committed 6144K, reserved 1048576K
GC Heap History (10 events):
Event: 9.720 GC heap before
{Heap before GC invocations=8 (full 1):
 PSYoungGen      total 66048K, used 64649K [0x00000000e0000000, 0x00000000e4f80000, 0x0000000100000000)
  eden space 60928K, 100% used [0x00000000e0000000,0x00000000e3b80000,0x00000000e3b80000)
  from space 5120K, 72% used [0x00000000e4a80000,0x00000000e4e22510,0x00000000e4f80000)
  to   space 10240K, 0% used [0x00000000e3b80000,0x00000000e3b80000,0x00000000e4580000)
 ParOldGen       total 51200K, used 8028K [0x00000000a0000000, 0x00000000a3200000, 0x00000000e0000000)
  object space 51200K, 15% used [0x00000000a0000000,0x00000000a07d7218,0x00000000a3200000)
 Metaspace       used 28184K, capacity 28604K, committed 28800K, reserved 1073152K
  class space    used 4001K, capacity 4165K, committed 4224K, reserved 1048576K
Event: 9.730 GC heap after
Heap after GC invocations=8 (full 1):
 PSYoungGen      total 71168K, used 7103K [0x00000000e0000000, 0x00000000e7f00000, 0x0000000100000000)
  eden space 60928K, 0% used [0x00000000e0000000,0x00000000e0000000,0x00000000e3b80000)
  from space 10240K, 69% used [0x00000000e3b80000,0x00000000e426fc80,0x00000000e4580000)
  to   space 10240K, 0% used [0x00000000e7500000,0x00000000e7500000,0x00000000e7f00000)
 ParOldGen       total 51200K, used 8028K [0x00000000a0000000, 0x00000000a3200000, 0x00000000e0000000)
  object space 51200K, 15% used [0x00000000a0000000,0x00000000a07d7218,0x00000000a3200000)
 Metaspace       used 28184K, capacity 28604K, committed 28800K, reserved 1073152K
  class space    used 4001K, capacity 4165K, committed 4224K, reserved 1048576K
}
Event: 30.571 GC heap before
{Heap before GC invocations=9 (full 1):
 PSYoungGen      total 71168K, used 68031K [0x00000000e0000000, 0x00000000e7f00000, 0x0000000100000000)
  eden space 60928K, 100% used [0x00000000e0000000,0x00000000e3b80000,0x00000000e3b80000)
  from space 10240K, 69% used [0x00000000e3b80000,0x00000000e426fc80,0x00000000e4580000)
  to   space 10240K, 0% used [0x00000000e7500000,0x00000000e7500000,0x00000000e7f00000)
 ParOldGen       total 51200K, used 8028K [0x00000000a0000000, 0x00000000a3200000, 0x00000000e0000000)
  object space 51200K, 15% used [0x00000000a0000000,0x00000000a07d7218,0x00000000a3200000)
 Metaspace       used 33750K, capacity 34196K, committed 34432K, reserved 1079296K
  class space    used 4809K, capacity 4966K, committed 4992K, reserved 1048576K
Event: 30.582 GC heap after
Heap after GC invocations=9 (full 1):
 PSYoungGen      total 116736K, used 10239K [0x00000000e0000000, 0x00000000e7f00000, 0x0000000100000000)
  eden space 106496K, 0% used [0x00000000e0000000,0x00000000e0000000,0x00000000e6800000)
  from space 10240K, 99% used [0x00000000e7500000,0x00000000e7efffc8,0x00000000e7f00000)
  to   space 11264K, 0% used [0x00000000e6900000,0x00000000e6900000,0x00000000e7400000)
 ParOldGen       total 51200K, used 8109K [0x00000000a0000000, 0x00000000a3200000, 0x00000000e0000000)
  object space 51200K, 15% used [0x00000000a0000000,0x00000000a07eb710,0x00000000a3200000)
 Metaspace       used 33750K, capacity 34196K, committed 34432K, reserved 1079296K
  class space    used 4809K, capacity 4966K, committed 4992K, reserved 1048576K
}
Event: 32.264 GC heap before
{Heap before GC invocations=10 (full 1):
 PSYoungGen      total 116736K, used 18021K [0x00000000e0000000, 0x00000000e7f00000, 0x0000000100000000)
  eden space 106496K, 7% used [0x00000000e0000000,0x00000000e0799548,0x00000000e6800000)
  from space 10240K, 99% used [0x00000000e7500000,0x00000000e7efffc8,0x00000000e7f00000)
  to   space 11264K, 0% used [0x00000000e6900000,0x00000000e6900000,0x00000000e7400000)
 ParOldGen       total 51200K, used 8109K [0x00000000a0000000, 0x00000000a3200000, 0x00000000e0000000)
  object space 51200K, 15% used [0x00000000a0000000,0x00000000a07eb710,0x00000000a3200000)
 Metaspace       used 35008K, capacity 35436K, committed 35496K, reserved 1079296K
  class space    used 4931K, capacity 5104K, committed 5120K, reserved 1048576K
Event: 32.275 GC heap after
Heap after GC invocations=10 (full 1):
 PSYoungGen      total 118784K, used 6149K [0x00000000e0000000, 0x00000000eab00000, 0x0000000100000000)
  eden space 107520K, 0% used [0x00000000e0000000,0x00000000e0000000,0x00000000e6900000)
  from space 11264K, 54% used [0x00000000e6900000,0x00000000e6f01668,0x00000000e7400000)
  to   space 11264K, 0% used [0x00000000ea000000,0x00000000ea000000,0x00000000eab00000)
 ParOldGen       total 51200K, used 9557K [0x00000000a0000000, 0x00000000a3200000, 0x00000000e0000000)
  object space 51200K, 18% used [0x00000000a0000000,0x00000000a09557d0,0x00000000a3200000)
 Metaspace       used 35008K, capacity 35436K, committed 35496K, reserved 1079296K
  class space    used 4931K, capacity 5104K, committed 5120K, reserved 1048576K
}
Event: 32.275 GC heap before
{Heap before GC invocations=11 (full 2):
 PSYoungGen      total 118784K, used 6149K [0x00000000e0000000, 0x00000000eab00000, 0x0000000100000000)
  eden space 107520K, 0% used [0x00000000e0000000,0x00000000e0000000,0x00000000e6900000)
  from space 11264K, 54% used [0x00000000e6900000,0x00000000e6f01668,0x00000000e7400000)
  to   space 11264K, 0% used [0x00000000ea000000,0x00000000ea000000,0x00000000eab00000)
 ParOldGen       total 51200K, used 9557K [0x00000000a0000000, 0x00000000a3200000, 0x00000000e0000000)
  object space 51200K, 18% used [0x00000000a0000000,0x00000000a09557d0,0x00000000a3200000)
 Metaspace       used 35008K, capacity 35436K, committed 35496K, reserved 1079296K
  class space    used 4931K, capacity 5104K, committed 5120K, reserved 1048576K
Event: 32.351 GC heap after
Heap after GC invocations=11 (full 2):
 PSYoungGen      total 118784K, used 0K [0x00000000e0000000, 0x00000000eab00000, 0x0000000100000000)
  eden space 107520K, 0% used [0x00000000e0000000,0x00000000e0000000,0x00000000e6900000)
  from space 11264K, 0% used [0x00000000e6900000,0x00000000e6900000,0x00000000e7400000)
  to   space 11264K, 0% used [0x00000000ea000000,0x00000000ea000000,0x00000000eab00000)
 ParOldGen       total 66560K, used 14265K [0x00000000a0000000, 0x00000000a4100000, 0x00000000e0000000)
  object space 66560K, 21% used [0x00000000a0000000,0x00000000a0dee410,0x00000000a4100000)
 Metaspace       used 35008K, capacity 35436K, committed 35496K, reserved 1079296K
  class space    used 4931K, capacity 5104K, committed 5120K, reserved 1048576K
}
Event: 41.845 GC heap before
{Heap before GC invocations=12 (full 2):
 PSYoungGen      total 118784K, used 107520K [0x00000000e0000000, 0x00000000eab00000, 0x0000000100000000)
  eden space 107520K, 100% used [0x00000000e0000000,0x00000000e6900000,0x00000000e6900000)
  from space 11264K, 0% used [0x00000000e6900000,0x00000000e6900000,0x00000000e7400000)
  to   space 11264K, 0% used [0x00000000ea000000,0x00000000ea000000,0x00000000eab00000)
 ParOldGen       total 66560K, used 14265K [0x00000000a0000000, 0x00000000a4100000, 0x00000000e0000000)
  object space 66560K, 21% used [0x00000000a0000000,0x00000000a0dee410,0x00000000a4100000)
 Metaspace       used 41784K, capacity 42514K, committed 42624K, reserved 1085440K
  class space    used 5741K, capacity 6000K, committed 6016K, reserved 1048576K
Event: 41.859 GC heap after
Heap after GC invocations=12 (full 2):
 PSYoungGen      total 162304K, used 11247K [0x00000000e0000000, 0x00000000eaf00000, 0x0000000100000000)
  eden space 151040K, 0% used [0x00000000e0000000,0x00000000e0000000,0x00000000e9380000)
  from space 11264K, 99% used [0x00000000ea000000,0x00000000eaafbc48,0x00000000eab00000)
  to   space 12800K, 0% used [0x00000000e9380000,0x00000000e9380000,0x00000000ea000000)
 ParOldGen       total 66560K, used 15636K [0x00000000a0000000, 0x00000000a4100000, 0x00000000e0000000)
  object space 66560K, 23% used [0x00000000a0000000,0x00000000a0f45368,0x00000000a4100000)
 Metaspace       used 41784K, capacity 42514K, committed 42624K, reserved 1085440K
  class space    used 5741K, capacity 6000K, committed 6016K, reserved 1048576K
}

