# JRE version: Java(TM) SE Runtime Environment (8.0_181-b13) (build 1.8.0_181-b13)
# Java VM: Java HotSpot(TM) 64-Bit Server VM (25.181-b13 mixed mode windows-amd64 compressed oops)
Heap:
 PSYoungGen      total 140288K, used 79711K [0x00000000e0000000, 0x00000000ebd80000, 0x0000000100000000)
  eden space 130560K, 61% used [0x00000000e0000000,0x00000000e4dd7f30,0x00000000e7f80000)
  from space 9728K, 0% used [0x00000000e7f80000,0x00000000e7f80000,0x00000000e8900000)
  to   space 12288K, 0% used [0x00000000eb180000,0x00000000eb180000,0x00000000ebd80000)
 ParOldGen       total 89088K, used 19098K [0x00000000a0000000, 0x00000000a5700000, 0x00000000e0000000)
  object space 89088K, 21% used [0x00000000a0000000,0x00000000a12a6880,0x00000000a5700000)
 Metaspace       used 39244K, capacity 39814K, committed 40064K, reserved 1083392K
  class space    used 5461K, capacity 5663K, committed 5760K, reserved 1048576K
GC Heap History (10 events):
Event: 4.250 GC heap before
{Heap before GC invocations=5 (full 0):
 PSYoungGen      total 71680K, used 20558K [0x00000000e0000000, 0x00000000e4b00000, 0x0000000100000000)
  eden space 66560K, 23% used [0x00000000e0000000,0x00000000e0f1b888,0x00000000e4100000)
  from space 5120K, 99% used [0x00000000e4600000,0x00000000e4af8040,0x00000000e4b00000)
  to   space 5120K, 0% used [0x00000000e4100000,0x00000000e4100000,0x00000000e4600000)
 ParOldGen       total 87552K, used 4970K [0x00000000a0000000, 0x00000000a5580000, 0x00000000e0000000)
  object space 87552K, 5% used [0x00000000a0000000,0x00000000a04da970,0x00000000a5580000)
 Metaspace       used 20688K, capacity 21052K, committed 21296K, reserved 1067008K
  class space    used 2953K, capacity 3086K, committed 3200K, reserved 1048576K
Event: 4.259 GC heap after
Heap after GC invocations=5 (full 0):
 PSYoungGen      total 71680K, used 5104K [0x00000000e0000000, 0x00000000e9500000, 0x0000000100000000)
  eden space 66560K, 0% used [0x00000000e0000000,0x00000000e0000000,0x00000000e4100000)
  from space 5120K, 99% used [0x00000000e4100000,0x00000000e45fc040,0x00000000e4600000)
  to   space 9728K, 0% used [0x00000000e8b80000,0x00000000e8b80000,0x00000000e9500000)
 ParOldGen       total 87552K, used 7750K [0x00000000a0000000, 0x00000000a5580000, 0x00000000e0000000)
  object space 87552K, 8% used [0x00000000a0000000,0x00000000a07918d0,0x00000000a5580000)
 Metaspace       used 20688K, capacity 21052K, committed 21296K, reserved 1067008K
  class space    used 2953K, capacity 3086K, committed 3200K, reserved 1048576K
}
Event: 4.259 GC heap before
{Heap before GC invocations=6 (full 1):
 PSYoungGen      total 71680K, used 5104K [0x00000000e0000000, 0x00000000e9500000, 0x0000000100000000)
  eden space 66560K, 0% used [0x00000000e0000000,0x00000000e0000000,0x00000000e4100000)
  from space 5120K, 99% used [0x00000000e4100000,0x00000000e45fc040,0x00000000e4600000)
  to   space 9728K, 0% used [0x00000000e8b80000,0x00000000e8b80000,0x00000000e9500000)
 ParOldGen       total 87552K, used 7750K [0x00000000a0000000, 0x00000000a5580000, 0x00000000e0000000)
  object space 87552K, 8% used [0x00000000a0000000,0x00000000a07918d0,0x00000000a5580000)
 Metaspace       used 20688K, capacity 21052K, committed 21296K, reserved 1067008K
  class space    used 2953K, capacity 3086K, committed 3200K, reserved 1048576K
Event: 4.301 GC heap after
Heap after GC invocations=6 (full 1):
 PSYoungGen      total 71680K, used 0K [0x00000000e0000000, 0x00000000e9500000, 0x0000000100000000)
  eden space 66560K, 0% used [0x00000000e0000000,0x00000000e0000000,0x00000000e4100000)
  from space 5120K, 0% used [0x00000000e4100000,0x00000000e4100000,0x00000000e4600000)
  to   space 9728K, 0% used [0x00000000e8b80000,0x00000000e8b80000,0x00000000e9500000)
 ParOldGen       total 56832K, used 8118K [0x00000000a0000000, 0x00000000a3780000, 0x00000000e0000000)
  object space 56832K, 14% used [0x00000000a0000000,0x00000000a07edbf0,0x00000000a3780000)
 Metaspace       used 20688K, capacity 21052K, committed 21296K, reserved 1067008K
  class space    used 2953K, capacity 3086K, committed 3200K, reserved 1048576K
}
Event: 6.789 GC heap before
{Heap before GC invocations=7 (full 1):
 PSYoungGen      total 71680K, used 66560K [0x00000000e0000000, 0x00000000e9500000, 0x0000000100000000)
  eden space 66560K, 100% used [0x00000000e0000000,0x00000000e4100000,0x00000000e4100000)
  from space 5120K, 0% used [0x00000000e4100000,0x00000000e4100000,0x00000000e4600000)
  to   space 9728K, 0% used [0x00000000e8b80000,0x00000000e8b80000,0x00000000e9500000)
 ParOldGen       total 56832K, used 8118K [0x00000000a0000000, 0x00000000a3780000, 0x00000000e0000000)
  object space 56832K, 14% used [0x00000000a0000000,0x00000000a07edbf0,0x00000000a3780000)
 Metaspace       used 26741K, capacity 27126K, committed 27520K, reserved 1073152K
  class space    used 3719K, capacity 3843K, committed 3968K, reserved 1048576K
Event: 6.796 GC heap after
Heap after GC invocations=7 (full 1):
 PSYoungGen      total 115200K, used 7143K [0x00000000e0000000, 0x00000000e9280000, 0x0000000100000000)
  eden space 108032K, 0% used [0x00000000e0000000,0x00000000e0000000,0x00000000e6980000)
  from space 7168K, 99% used [0x00000000e8b80000,0x00000000e9279f00,0x00000000e9280000)
  to   space 9728K, 0% used [0x00000000e7f80000,0x00000000e7f80000,0x00000000e8900000)
 ParOldGen       total 56832K, used 8118K [0x00000000a0000000, 0x00000000a3780000, 0x00000000e0000000)
  object space 56832K, 14% used [0x00000000a0000000,0x00000000a07edbf0,0x00000000a3780000)
 Metaspace       used 26741K, capacity 27126K, committed 27520K, reserved 1073152K
  class space    used 3719K, capacity 3843K, committed 3968K, reserved 1048576K
}
Event: 10.974 GC heap before
{Heap before GC invocations=8 (full 1):
 PSYoungGen      total 115200K, used 105948K [0x00000000e0000000, 0x00000000e9280000, 0x0000000100000000)
  eden space 108032K, 91% used [0x00000000e0000000,0x00000000e607d4d0,0x00000000e6980000)
  from space 7168K, 99% used [0x00000000e8b80000,0x00000000e9279f00,0x00000000e9280000)
  to   space 9728K, 0% used [0x00000000e7f80000,0x00000000e7f80000,0x00000000e8900000)
 ParOldGen       total 56832K, used 8118K [0x00000000a0000000, 0x00000000a3780000, 0x00000000e0000000)
  object space 56832K, 14% used [0x00000000a0000000,0x00000000a07edbf0,0x00000000a3780000)
 Metaspace       used 34906K, capacity 35436K, committed 35496K, reserved 1079296K
  class space    used 4917K, capacity 5104K, committed 5120K, reserved 1048576K
Event: 10.988 GC heap after
Heap after GC invocations=8 (full 1):
 PSYoungGen      total 140288K, used 9710K [0x00000000e0000000, 0x00000000ebd80000, 0x0000000100000000)
  eden space 130560K, 0% used [0x00000000e0000000,0x00000000e0000000,0x00000000e7f80000)
  from space 9728K, 99% used [0x00000000e7f80000,0x00000000e88fbbe8,0x00000000e8900000)
  to   space 12288K, 0% used [0x00000000eb180000,0x00000000eb180000,0x00000000ebd80000)
 ParOldGen       total 56832K, used 11133K [0x00000000a0000000, 0x00000000a3780000, 0x00000000e0000000)
  object space 56832K, 19% used [0x00000000a0000000,0x00000000a0adf748,0x00000000a3780000)
 Metaspace       used 34906K, capacity 35436K, committed 35496K, reserved 1079296K
  class space    used 4917K, capacity 5104K, committed 5120K, reserved 1048576K
}
Event: 10.988 GC heap before
{Heap before GC invocations=9 (full 2):
 PSYoungGen      total 140288K, used 9710K [0x00000000e0000000, 0x00000000ebd80000, 0x0000000100000000)
  eden space 130560K, 0% used [0x00000000e0000000,0x00000000e0000000,0x00000000e7f80000)
  from space 9728K, 99% used [0x00000000e7f80000,0x00000000e88fbbe8,0x00000000e8900000)
  to   space 12288K, 0% used [0x00000000eb180000,0x00000000eb180000,0x00000000ebd80000)
 ParOldGen       total 56832K, used 11133K [0x00000000a0000000, 0x00000000a3780000, 0x00000000e0000000)
  object space 56832K, 19% used [0x00000000a0000000,0x00000000a0adf748,0x00000000a3780000)
 Metaspace       used 34906K, capacity 35436K, committed 35496K, reserved 1079296K
  class space    used 4917K, capacity 5104K, committed 5120K, reserved 1048576K
Event: 11.074 GC heap after
Heap after GC invocations=9 (full 2):
 PSYoungGen      total 140288K, used 0K [0x00000000e0000000, 0x00000000ebd80000, 0x0000000100000000)
  eden space 130560K, 0% used [0x00000000e0000000,0x00000000e0000000,0x00000000e7f80000)
  from space 9728K, 0% used [0x00000000e7f80000,0x00000000e7f80000,0x00000000e8900000)
  to   space 12288K, 0% used [0x00000000eb180000,0x00000000eb180000,0x00000000ebd80000)
 ParOldGen       total 89088K, used 19098K [0x00000000a0000000, 0x00000000a5700000, 0x00000000e0000000)
  object space 89088K, 21% used [0x00000000a0000000,0x00000000a12a6880,0x00000000a5700000)
 Metaspace       used 34906K, capacity 35436K, committed 35496K, reserved 1079296K
  class space    used 4917K, capacity 5104K, committed 5120K, reserved 1048576K
}

