# JRE version: Java(TM) SE Runtime Environment (8.0_181-b13) (build 1.8.0_181-b13)
# Java VM: Java HotSpot(TM) 64-Bit Server VM (25.181-b13 mixed mode windows-amd64 compressed oops)
Heap:
 PSYoungGen      total 276480K, used 128183K [0x00000000e0000000, 0x00000000f4880000, 0x0000000100000000)
  eden space 256512K, 48% used [0x00000000e0000000,0x00000000e798dc00,0x00000000efa80000)
  from space 19968K, 18% used [0x00000000efa80000,0x00000000efe20000,0x00000000f0e00000)
  to   space 19456K, 0% used [0x00000000f3580000,0x00000000f3580000,0x00000000f4880000)
 ParOldGen       total 118272K, used 58777K [0x00000000a0000000, 0x00000000a7380000, 0x00000000e0000000)
  object space 118272K, 49% used [0x00000000a0000000,0x00000000a3966720,0x00000000a7380000)
 Metaspace       used 76196K, capacity 80156K, committed 80472K, reserved 1118208K
  class space    used 9968K, capacity 11022K, committed 11096K, reserved 1048576K
GC Heap History (10 events):
Event: 70.632 GC heap before
{Heap before GC invocations=20 (full 3):
 PSYoungGen      total 190464K, used 186625K [0x00000000e0000000, 0x00000000ed000000, 0x0000000100000000)
  eden space 174080K, 100% used [0x00000000e0000000,0x00000000eaa00000,0x00000000eaa00000)
  from space 16384K, 76% used [0x00000000ec000000,0x00000000ecc40798,0x00000000ed000000)
  to   space 19456K, 0% used [0x00000000eaa00000,0x00000000eaa00000,0x00000000ebd00000)
 ParOldGen       total 118272K, used 29854K [0x00000000a0000000, 0x00000000a7380000, 0x00000000e0000000)
  object space 118272K, 25% used [0x00000000a0000000,0x00000000a1d279c8,0x00000000a7380000)
 Metaspace       used 66393K, capacity 68494K, committed 68696K, reserved 1107968K
  class space    used 8941K, capacity 9505K, committed 9560K, reserved 1048576K
Event: 70.665 GC heap after
Heap after GC invocations=20 (full 3):
 PSYoungGen      total 193536K, used 15988K [0x00000000e0000000, 0x00000000f0080000, 0x0000000100000000)
  eden space 174080K, 0% used [0x00000000e0000000,0x00000000e0000000,0x00000000eaa00000)
  from space 19456K, 82% used [0x00000000eaa00000,0x00000000eb99d288,0x00000000ebd00000)
  to   space 21504K, 0% used [0x00000000eeb80000,0x00000000eeb80000,0x00000000f0080000)
 ParOldGen       total 118272K, used 40452K [0x00000000a0000000, 0x00000000a7380000, 0x00000000e0000000)
  object space 118272K, 34% used [0x00000000a0000000,0x00000000a2781288,0x00000000a7380000)
 Metaspace       used 66393K, capacity 68494K, committed 68696K, reserved 1107968K
  class space    used 8941K, capacity 9505K, committed 9560K, reserved 1048576K
}
Event: 75.598 GC heap before
{Heap before GC invocations=21 (full 3):
 PSYoungGen      total 193536K, used 190068K [0x00000000e0000000, 0x00000000f0080000, 0x0000000100000000)
  eden space 174080K, 100% used [0x00000000e0000000,0x00000000eaa00000,0x00000000eaa00000)
  from space 19456K, 82% used [0x00000000eaa00000,0x00000000eb99d288,0x00000000ebd00000)
  to   space 21504K, 0% used [0x00000000eeb80000,0x00000000eeb80000,0x00000000f0080000)
 ParOldGen       total 118272K, used 40452K [0x00000000a0000000, 0x00000000a7380000, 0x00000000e0000000)
  object space 118272K, 34% used [0x00000000a0000000,0x00000000a2781288,0x00000000a7380000)
 Metaspace       used 70941K, capacity 73592K, committed 73816K, reserved 1114112K
  class space    used 9374K, capacity 10034K, committed 10072K, reserved 1048576K
Event: 75.624 GC heap after
Heap after GC invocations=21 (full 3):
 PSYoungGen      total 231936K, used 8212K [0x00000000e0000000, 0x00000000efb00000, 0x0000000100000000)
  eden space 216064K, 0% used [0x00000000e0000000,0x00000000e0000000,0x00000000ed300000)
  from space 15872K, 51% used [0x00000000eeb80000,0x00000000ef3850c0,0x00000000efb00000)
  to   space 20480K, 0% used [0x00000000ed300000,0x00000000ed300000,0x00000000ee700000)
 ParOldGen       total 118272K, used 51187K [0x00000000a0000000, 0x00000000a7380000, 0x00000000e0000000)
  object space 118272K, 43% used [0x00000000a0000000,0x00000000a31fcc48,0x00000000a7380000)
 Metaspace       used 70941K, capacity 73592K, committed 73816K, reserved 1114112K
  class space    used 9374K, capacity 10034K, committed 10072K, reserved 1048576K
}
Event: 86.704 GC heap before
{Heap before GC invocations=22 (full 3):
 PSYoungGen      total 231936K, used 224276K [0x00000000e0000000, 0x00000000efb00000, 0x0000000100000000)
  eden space 216064K, 100% used [0x00000000e0000000,0x00000000ed300000,0x00000000ed300000)
  from space 15872K, 51% used [0x00000000eeb80000,0x00000000ef3850c0,0x00000000efb00000)
  to   space 20480K, 0% used [0x00000000ed300000,0x00000000ed300000,0x00000000ee700000)
 ParOldGen       total 118272K, used 51187K [0x00000000a0000000, 0x00000000a7380000, 0x00000000e0000000)
  object space 118272K, 43% used [0x00000000a0000000,0x00000000a31fcc48,0x00000000a7380000)
 Metaspace       used 73902K, capacity 76666K, committed 76760K, reserved 1116160K
  class space    used 9702K, capacity 10397K, committed 10456K, reserved 1048576K
Event: 86.719 GC heap after
Heap after GC invocations=22 (full 3):
 PSYoungGen      total 236544K, used 5434K [0x00000000e0000000, 0x00000000f2780000, 0x0000000100000000)
  eden space 216064K, 0% used [0x00000000e0000000,0x00000000e0000000,0x00000000ed300000)
  from space 20480K, 26% used [0x00000000ed300000,0x00000000ed84eb20,0x00000000ee700000)
  to   space 19968K, 0% used [0x00000000f1400000,0x00000000f1400000,0x00000000f2780000)
 ParOldGen       total 118272K, used 56445K [0x00000000a0000000, 0x00000000a7380000, 0x00000000e0000000)
  object space 118272K, 47% used [0x00000000a0000000,0x00000000a371f670,0x00000000a7380000)
 Metaspace       used 73902K, capacity 76666K, committed 76760K, reserved 1116160K
  class space    used 9702K, capacity 10397K, committed 10456K, reserved 1048576K
}
Event: 119.377 GC heap before
{Heap before GC invocations=23 (full 3):
 PSYoungGen      total 236544K, used 221498K [0x00000000e0000000, 0x00000000f2780000, 0x0000000100000000)
  eden space 216064K, 100% used [0x00000000e0000000,0x00000000ed300000,0x00000000ed300000)
  from space 20480K, 26% used [0x00000000ed300000,0x00000000ed84eb20,0x00000000ee700000)
  to   space 19968K, 0% used [0x00000000f1400000,0x00000000f1400000,0x00000000f2780000)
 ParOldGen       total 118272K, used 56445K [0x00000000a0000000, 0x00000000a7380000, 0x00000000e0000000)
  object space 118272K, 47% used [0x00000000a0000000,0x00000000a371f670,0x00000000a7380000)
 Metaspace       used 74978K, capacity 78234K, committed 78552K, reserved 1118208K
  class space    used 9805K, capacity 10632K, committed 10712K, reserved 1048576K
Event: 119.386 GC heap after
Heap after GC invocations=23 (full 3):
 PSYoungGen      total 270336K, used 2784K [0x00000000e0000000, 0x00000000f2180000, 0x0000000100000000)
  eden space 256512K, 0% used [0x00000000e0000000,0x00000000e0000000,0x00000000efa80000)
  from space 13824K, 20% used [0x00000000f1400000,0x00000000f16b8020,0x00000000f2180000)
  to   space 19968K, 0% used [0x00000000efa80000,0x00000000efa80000,0x00000000f0e00000)
 ParOldGen       total 118272K, used 58769K [0x00000000a0000000, 0x00000000a7380000, 0x00000000e0000000)
  object space 118272K, 49% used [0x00000000a0000000,0x00000000a3964720,0x00000000a7380000)
 Metaspace       used 74978K, capacity 78234K, committed 78552K, reserved 1118208K
  class space    used 9805K, capacity 10632K, committed 10712K, reserved 1048576K
}
Event: 143.553 GC heap before
{Heap before GC invocations=24 (full 3):
 PSYoungGen      total 270336K, used 259296K [0x00000000e0000000, 0x00000000f2180000, 0x0000000100000000)
  eden space 256512K, 100% used [0x00000000e0000000,0x00000000efa80000,0x00000000efa80000)
  from space 13824K, 20% used [0x00000000f1400000,0x00000000f16b8020,0x00000000f2180000)
  to   space 19968K, 0% used [0x00000000efa80000,0x00000000efa80000,0x00000000f0e00000)
 ParOldGen       total 118272K, used 58769K [0x00000000a0000000, 0x00000000a7380000, 0x00000000e0000000)
  object space 118272K, 49% used [0x00000000a0000000,0x00000000a3964720,0x00000000a7380000)
 Metaspace       used 75777K, capacity 79460K, committed 79576K, reserved 1118208K
  class space    used 9917K, capacity 10910K, committed 10968K, reserved 1048576K
Event: 143.565 GC heap after
Heap after GC invocations=24 (full 3):
 PSYoungGen      total 276480K, used 3712K [0x00000000e0000000, 0x00000000f4880000, 0x0000000100000000)
  eden space 256512K, 0% used [0x00000000e0000000,0x00000000e0000000,0x00000000efa80000)
  from space 19968K, 18% used [0x00000000efa80000,0x00000000efe20000,0x00000000f0e00000)
  to   space 19456K, 0% used [0x00000000f3580000,0x00000000f3580000,0x00000000f4880000)
 ParOldGen       total 118272K, used 58777K [0x00000000a0000000, 0x00000000a7380000, 0x00000000e0000000)
  object space 118272K, 49% used [0x00000000a0000000,0x00000000a3966720,0x00000000a7380000)
 Metaspace       used 75777K, capacity 79460K, committed 79576K, reserved 1118208K
  class space    used 9917K, capacity 10910K, committed 10968K, reserved 1048576K
}

